  Weapon.cpp
c:\users\miguel\documents\github\gameengine\gameengine\sprite.h(20): warning C4244: 'return': conversion from 'float' to 'int', possible loss of data
c:\users\miguel\documents\github\gameengine\gameengine\sprite.h(21): warning C4244: 'return': conversion from 'float' to 'int', possible loss of data
c:\users\miguel\documents\github\gameengine\gameengine\weapon.cpp(74): warning C4244: 'initializing': conversion from 'int' to 'float', possible loss of data
  UIItem.cpp
c:\users\miguel\documents\github\gameengine\gameengine\sprite.h(20): warning C4244: 'return': conversion from 'float' to 'int', possible loss of data
c:\users\miguel\documents\github\gameengine\gameengine\sprite.h(21): warning C4244: 'return': conversion from 'float' to 'int', possible loss of data
c:\users\miguel\documents\github\gameengine\gameengine\uiitem.cpp(45): warning C4800: 'SDL_bool': forcing value to bool 'true' or 'false' (performance warning)
  TurnManager.cpp
  Terrain.cpp
c:\users\miguel\documents\github\gameengine\gameengine\sprite.h(20): warning C4244: 'return': conversion from 'float' to 'int', possible loss of data
c:\users\miguel\documents\github\gameengine\gameengine\sprite.h(21): warning C4244: 'return': conversion from 'float' to 'int', possible loss of data
c:\users\miguel\documents\github\gameengine\gameengine\terrain.h(15): warning C4309: 'default argument': truncation of constant value
c:\users\miguel\documents\github\gameengine\gameengine\terrain.cpp(28): warning C4244: 'argument': conversion from 'int' to 'float', possible loss of data
c:\users\miguel\documents\github\gameengine\gameengine\terrain.cpp(42): warning C4244: 'argument': conversion from 'float' to 'int', possible loss of data
c:\users\miguel\documents\github\gameengine\gameengine\terrain.cpp(29): warning C4101: 'normalized': unreferenced local variable
  System.cpp
  Sprite.cpp
c:\users\miguel\documents\github\gameengine\gameengine\sprite.h(20): warning C4244: 'return': conversion from 'float' to 'int', possible loss of data
c:\users\miguel\documents\github\gameengine\gameengine\sprite.h(21): warning C4244: 'return': conversion from 'float' to 'int', possible loss of data
c:\users\miguel\documents\github\gameengine\gameengine\sprite.cpp(30): warning C4244: '=': conversion from 'int' to 'float', possible loss of data
c:\users\miguel\documents\github\gameengine\gameengine\sprite.cpp(31): warning C4244: '=': conversion from 'int' to 'float', possible loss of data
c:\users\miguel\documents\github\gameengine\gameengine\sprite.cpp(48): warning C4244: '=': conversion from 'int' to 'float', possible loss of data
c:\users\miguel\documents\github\gameengine\gameengine\sprite.cpp(49): warning C4244: '=': conversion from 'int' to 'float', possible loss of data
c:\users\miguel\documents\github\gameengine\gameengine\sprite.cpp(63): warning C4244: 'initializing': conversion from 'float' to 'int', possible loss of data
c:\users\miguel\documents\github\gameengine\gameengine\sprite.cpp(64): warning C4244: 'initializing': conversion from 'float' to 'int', possible loss of data
c:\users\miguel\documents\github\gameengine\gameengine\sprite.cpp(72): warning C4244: '=': conversion from 'int' to 'float', possible loss of data
c:\users\miguel\documents\github\gameengine\gameengine\sprite.cpp(73): warning C4244: '=': conversion from 'int' to 'float', possible loss of data
c:\users\miguel\documents\github\gameengine\gameengine\sprite.cpp(86): warning C4244: 'initializing': conversion from 'float' to 'int', possible loss of data
c:\users\miguel\documents\github\gameengine\gameengine\sprite.cpp(87): warning C4244: 'initializing': conversion from 'float' to 'int', possible loss of data
c:\users\miguel\documents\github\gameengine\gameengine\sprite.cpp(95): warning C4244: '=': conversion from 'int' to 'float', possible loss of data
c:\users\miguel\documents\github\gameengine\gameengine\sprite.cpp(96): warning C4244: '=': conversion from 'int' to 'float', possible loss of data
c:\users\miguel\documents\github\gameengine\gameengine\sprite.cpp(128): warning C4101: 'a': unreferenced local variable
c:\users\miguel\documents\github\gameengine\gameengine\sprite.cpp(128): warning C4101: 'b': unreferenced local variable
c:\users\miguel\documents\github\gameengine\gameengine\sprite.cpp(128): warning C4101: 'g': unreferenced local variable
c:\users\miguel\documents\github\gameengine\gameengine\sprite.cpp(128): warning C4101: 'r': unreferenced local variable
c:\users\miguel\documents\github\gameengine\gameengine\sprite.cpp(260): warning C4244: 'argument': conversion from 'int' to 'float', possible loss of data
c:\users\miguel\documents\github\gameengine\gameengine\sprite.cpp(276): warning C4101: 'a': unreferenced local variable
c:\users\miguel\documents\github\gameengine\gameengine\sprite.cpp(276): warning C4101: 'b': unreferenced local variable
c:\users\miguel\documents\github\gameengine\gameengine\sprite.cpp(276): warning C4101: 'g': unreferenced local variable
c:\users\miguel\documents\github\gameengine\gameengine\sprite.cpp(276): warning C4101: 'r': unreferenced local variable
  Position.cpp
c:\users\miguel\documents\github\gameengine\gameengine\sprite.h(20): warning C4244: 'return': conversion from 'float' to 'int', possible loss of data
c:\users\miguel\documents\github\gameengine\gameengine\sprite.h(21): warning C4244: 'return': conversion from 'float' to 'int', possible loss of data
c:\users\miguel\documents\github\gameengine\gameengine\position.cpp(15): warning C4244: 'argument': conversion from 'double' to 'const float', possible loss of data
  Player.cpp
c:\users\miguel\documents\github\gameengine\gameengine\sprite.h(20): warning C4244: 'return': conversion from 'float' to 'int', possible loss of data
c:\users\miguel\documents\github\gameengine\gameengine\sprite.h(21): warning C4244: 'return': conversion from 'float' to 'int', possible loss of data
c:\users\miguel\documents\github\gameengine\gameengine\terrain.h(15): warning C4309: 'default argument': truncation of constant value
c:\users\miguel\documents\github\gameengine\gameengine\player.cpp(45): warning C4244: '-=': conversion from 'float' to 'int', possible loss of data
c:\users\miguel\documents\github\gameengine\gameengine\player.cpp(79): warning C4244: 'argument': conversion from 'int' to 'float', possible loss of data
c:\users\miguel\documents\github\gameengine\gameengine\player.cpp(81): warning C4244: 'initializing': conversion from 'float' to 'int', possible loss of data
c:\users\miguel\documents\github\gameengine\gameengine\player.cpp(82): warning C4244: 'initializing': conversion from 'float' to 'int', possible loss of data
  PixelCollider.cpp
c:\users\miguel\documents\github\gameengine\gameengine\sprite.h(20): warning C4244: 'return': conversion from 'float' to 'int', possible loss of data
c:\users\miguel\documents\github\gameengine\gameengine\sprite.h(21): warning C4244: 'return': conversion from 'float' to 'int', possible loss of data
c:\users\miguel\documents\github\gameengine\gameengine\pixelcollider.cpp(21): warning C4244: 'initializing': conversion from 'double' to 'int', possible loss of data
c:\users\miguel\documents\github\gameengine\gameengine\pixelcollider.cpp(22): warning C4244: 'initializing': conversion from 'double' to 'int', possible loss of data
c:\users\miguel\documents\github\gameengine\gameengine\pixelcollider.cpp(23): warning C4244: 'initializing': conversion from 'double' to 'int', possible loss of data
c:\users\miguel\documents\github\gameengine\gameengine\pixelcollider.cpp(24): warning C4244: 'initializing': conversion from 'double' to 'int', possible loss of data
c:\users\miguel\documents\github\gameengine\gameengine\pixelcollider.cpp(44): warning C4101: 'a': unreferenced local variable
c:\users\miguel\documents\github\gameengine\gameengine\pixelcollider.cpp(44): warning C4101: 'b': unreferenced local variable
c:\users\miguel\documents\github\gameengine\gameengine\pixelcollider.cpp(44): warning C4101: 'g': unreferenced local variable
c:\users\miguel\documents\github\gameengine\gameengine\pixelcollider.cpp(44): warning C4101: 'r': unreferenced local variable
c:\users\miguel\documents\github\gameengine\gameengine\pixelcollider.cpp(74): warning C4244: 'argument': conversion from 'int' to 'float', possible loss of data
c:\users\miguel\documents\github\gameengine\gameengine\pixelcollider.cpp(76): warning C4244: '=': conversion from 'float' to 'int', possible loss of data
c:\users\miguel\documents\github\gameengine\gameengine\pixelcollider.cpp(77): warning C4244: '=': conversion from 'float' to 'int', possible loss of data
c:\users\miguel\documents\github\gameengine\gameengine\pixelcollider.cpp(121): warning C4244: 'initializing': conversion from 'double' to 'float', possible loss of data
  Physics.cpp
c:\users\miguel\documents\github\gameengine\gameengine\sprite.h(20): warning C4244: 'return': conversion from 'float' to 'int', possible loss of data
c:\users\miguel\documents\github\gameengine\gameengine\sprite.h(21): warning C4244: 'return': conversion from 'float' to 'int', possible loss of data
c:\users\miguel\documents\github\gameengine\gameengine\terrain.h(15): warning C4309: 'default argument': truncation of constant value
c:\users\miguel\documents\github\gameengine\gameengine\physics.cpp(41): warning C4244: 'initializing': conversion from 'float' to 'int', possible loss of data
c:\users\miguel\documents\github\gameengine\gameengine\physics.cpp(42): warning C4244: 'initializing': conversion from 'float' to 'int', possible loss of data
c:\users\miguel\documents\github\gameengine\gameengine\physics.cpp(60): warning C4305: 'argument': truncation from 'int' to 'Uint8'
c:\users\miguel\documents\github\gameengine\gameengine\physics.cpp(60): warning C4309: 'argument': truncation of constant value
c:\users\miguel\documents\github\gameengine\gameengine\physics.cpp(71): warning C4305: '*=': truncation from 'double' to 'float'
c:\users\miguel\documents\github\gameengine\gameengine\physics.cpp(72): warning C4244: '*=': conversion from 'double' to 'float', possible loss of data
c:\users\miguel\documents\github\gameengine\gameengine\physics.cpp(145): warning C4244: 'argument': conversion from 'int' to 'float', possible loss of data
c:\users\miguel\documents\github\gameengine\gameengine\physics.cpp(149): warning C4244: 'argument': conversion from 'float' to 'int', possible loss of data
c:\users\miguel\documents\github\gameengine\gameengine\physics.cpp(146): warning C4101: 'normalized': unreferenced local variable
c:\users\miguel\documents\github\gameengine\gameengine\physics.cpp(183): warning C4244: 'argument': conversion from 'int' to 'float', possible loss of data
c:\users\miguel\documents\github\gameengine\gameengine\physics.cpp(185): warning C4244: 'initializing': conversion from 'float' to 'int', possible loss of data
c:\users\miguel\documents\github\gameengine\gameengine\physics.cpp(186): warning C4244: 'initializing': conversion from 'float' to 'int', possible loss of data
  NonAnimatedSprite.cpp
c:\users\miguel\documents\github\gameengine\gameengine\sprite.h(20): warning C4244: 'return': conversion from 'float' to 'int', possible loss of data
c:\users\miguel\documents\github\gameengine\gameengine\sprite.h(21): warning C4244: 'return': conversion from 'float' to 'int', possible loss of data
  NonAnimatedObjects.cpp
c:\users\miguel\documents\github\gameengine\gameengine\sprite.h(20): warning C4244: 'return': conversion from 'float' to 'int', possible loss of data
c:\users\miguel\documents\github\gameengine\gameengine\sprite.h(21): warning C4244: 'return': conversion from 'float' to 'int', possible loss of data
  main.cpp
c:\users\miguel\documents\github\gameengine\gameengine\sprite.h(20): warning C4244: 'return': conversion from 'float' to 'int', possible loss of data
c:\users\miguel\documents\github\gameengine\gameengine\sprite.h(21): warning C4244: 'return': conversion from 'float' to 'int', possible loss of data
c:\users\miguel\documents\github\gameengine\gameengine\terrain.h(15): warning C4309: 'default argument': truncation of constant value
  Item.cpp
c:\users\miguel\documents\github\gameengine\gameengine\sprite.h(20): warning C4244: 'return': conversion from 'float' to 'int', possible loss of data
c:\users\miguel\documents\github\gameengine\gameengine\sprite.h(21): warning C4244: 'return': conversion from 'float' to 'int', possible loss of data
  Inventory.cpp
c:\users\miguel\documents\github\gameengine\gameengine\sprite.h(20): warning C4244: 'return': conversion from 'float' to 'int', possible loss of data
c:\users\miguel\documents\github\gameengine\gameengine\sprite.h(21): warning C4244: 'return': conversion from 'float' to 'int', possible loss of data
  InputManager.cpp
c:\users\miguel\documents\github\gameengine\gameengine\sprite.h(20): warning C4244: 'return': conversion from 'float' to 'int', possible loss of data
c:\users\miguel\documents\github\gameengine\gameengine\sprite.h(21): warning C4244: 'return': conversion from 'float' to 'int', possible loss of data
c:\users\miguel\documents\github\gameengine\gameengine\inputmanager.cpp(71): warning C4244: 'argument': conversion from 'Sint32' to 'float', possible loss of data
c:\users\miguel\documents\github\gameengine\gameengine\inputmanager.cpp(147): warning C4244: 'argument': conversion from 'int' to 'float', possible loss of data
  Input.cpp
  GameLoop.cpp
c:\users\miguel\documents\github\gameengine\gameengine\sprite.h(20): warning C4244: 'return': conversion from 'float' to 'int', possible loss of data
c:\users\miguel\documents\github\gameengine\gameengine\sprite.h(21): warning C4244: 'return': conversion from 'float' to 'int', possible loss of data
c:\users\miguel\documents\github\gameengine\gameengine\terrain.h(15): warning C4309: 'default argument': truncation of constant value
  Explosion.cpp
c:\users\miguel\documents\github\gameengine\gameengine\sprite.h(20): warning C4244: 'return': conversion from 'float' to 'int', possible loss of data
c:\users\miguel\documents\github\gameengine\gameengine\sprite.h(21): warning C4244: 'return': conversion from 'float' to 'int', possible loss of data
c:\users\miguel\documents\github\gameengine\gameengine\explosion.cpp(18): warning C4244: 'argument': conversion from 'double' to 'int', possible loss of data
  Entity.cpp
c:\users\miguel\documents\github\gameengine\gameengine\sprite.h(20): warning C4244: 'return': conversion from 'float' to 'int', possible loss of data
c:\users\miguel\documents\github\gameengine\gameengine\sprite.h(21): warning C4244: 'return': conversion from 'float' to 'int', possible loss of data
  Generating Code...
c:\users\miguel\documents\github\gameengine\gameengine\uiitem.cpp(27): warning C4715: 'GameEngine::UIItem::setCollisionRect': not all control paths return a value
  Compiling...
  Bullet.cpp
c:\users\miguel\documents\github\gameengine\gameengine\sprite.h(20): warning C4244: 'return': conversion from 'float' to 'int', possible loss of data
c:\users\miguel\documents\github\gameengine\gameengine\sprite.h(21): warning C4244: 'return': conversion from 'float' to 'int', possible loss of data
c:\users\miguel\documents\github\gameengine\gameengine\bullet.cpp(21): warning C4244: 'initializing': conversion from 'float' to 'int', possible loss of data
c:\users\miguel\documents\github\gameengine\gameengine\bullet.cpp(22): warning C4244: '=': conversion from 'int' to 'float', possible loss of data
c:\users\miguel\documents\github\gameengine\gameengine\bullet.cpp(25): warning C4244: 'argument': conversion from 'double' to 'float', possible loss of data
c:\users\miguel\documents\github\gameengine\gameengine\bullet.cpp(41): warning C4305: 'argument': truncation from 'double' to 'float'
  AnimatedSprite.cpp
c:\users\miguel\documents\github\gameengine\gameengine\sprite.h(20): warning C4244: 'return': conversion from 'float' to 'int', possible loss of data
c:\users\miguel\documents\github\gameengine\gameengine\sprite.h(21): warning C4244: 'return': conversion from 'float' to 'int', possible loss of data
  Alive.cpp
c:\users\miguel\documents\github\gameengine\gameengine\sprite.h(20): warning C4244: 'return': conversion from 'float' to 'int', possible loss of data
c:\users\miguel\documents\github\gameengine\gameengine\sprite.h(21): warning C4244: 'return': conversion from 'float' to 'int', possible loss of data
  Generating Code...
  GameEngine.vcxproj -> C:\Users\Miguel\Documents\GitHub\GameEngine\Debug\GameEngine.exe
  GameEngine.vcxproj -> C:\Users\Miguel\Documents\GitHub\GameEngine\Debug\GameEngine.pdb (Partial PDB)
